[     702ms] [ERROR] Image not found: -09-210-ebook-tiga-kuasa-dalam-kehidupan.jpg Error: Cannot find module './-09-210-ebook-tiga-kuasa-dalam-kehidupan.jpg'
    at webpackContextResolve (http://localhost:8080/js/src_assets_img_books_sync_recursive_-src_assets_json_books_sync_json_.js:789:11)
    at webpackContext (http://localhost:8080/js/src_assets_img_books_sync_recursive_-src_assets_json_books_sync_json_.js:784:11)
    at Proxy.resolveImage (webpack-internal:///./node_modules/babel-loader/lib/index.js??clonedRuleSet-40.use[0]!./node_modules/vue-loader/dist/index.js??ruleSet[0].use[0]!./src/components/AllReleases.vue?vue&type=script&lang=js:90:87)
    at eval (webpack-internal:///./node_modules/babel-loader/lib/index.js??clonedRuleSet-40.use[0]!./node_modules/vue-loader/dist/templateLoader.js??ruleSet[1].rules[3]!./node_modules/vue-loader/dist/index.js??ruleSet[0].use[0]!./src/components/AllReleases.vue?vue&type=template&id=7cebf58d&scoped=true:194:23)
    at Proxy.renderFnWithContext (webpack-internal:///./node_modules/@vue/runtime-core/dist/runtime-core.esm-bundler.js:867:13)
    at Proxy.eval (webpack-internal:///./node_modules/vue-router/dist/vue-router.mjs:1107:72)
    at renderComponentRoot (webpack-internal:///./node_modules/@vue/runtime-core/dist/runtime-core.esm-bundler.js:4341:38)
    at ReactiveEffect.componentUpdateFn [as fn] (webpack-internal:///./node_modules/@vue/runtime-core/dist/runtime-core.esm-bundler.js:5649:46)
    at ReactiveEffect.run (webpack-internal:///./node_modules/@vue/reactivity/dist/reactivity.esm-bundler.js:337:19)
    at setupRenderEffect (webpack-internal:///./node_modules/@vue/runtime-core/dist/runtime-core.esm-bundler.js:5770:5) @ webpack-internal:///./node_modules/babel-loader/lib/index.js??clonedRuleSet-40.use[0]!./node_modules/vue-loader/dist/index.js??ruleSet[0].use[0]!./src/components/AllReleases.vue?vue&type=script&lang=js:91
[     704ms] [ERROR] Image not found: -09-211-ebook-saatnya-untuk-berubah.jpg Error: Cannot find module './-09-211-ebook-saatnya-untuk-berubah.jpg'
    at webpackContextResolve (http://localhost:8080/js/src_assets_img_books_sync_recursive_-src_assets_json_books_sync_json_.js:789:11)
    at webpackContext (http://localhost:8080/js/src_assets_img_books_sync_recursive_-src_assets_json_books_sync_json_.js:784:11)
    at Proxy.resolveImage (webpack-internal:///./node_modules/babel-loader/lib/index.js??clonedRuleSet-40.use[0]!./node_modules/vue-loader/dist/index.js??ruleSet[0].use[0]!./src/components/AllReleases.vue?vue&type=script&lang=js:90:87)
    at eval (webpack-internal:///./node_modules/babel-loader/lib/index.js??clonedRuleSet-40.use[0]!./node_modules/vue-loader/dist/templateLoader.js??ruleSet[1].rules[3]!./node_modules/vue-loader/dist/index.js??ruleSet[0].use[0]!./src/components/AllReleases.vue?vue&type=template&id=7cebf58d&scoped=true:194:23)
    at Proxy.renderFnWithContext (webpack-internal:///./node_modules/@vue/runtime-core/dist/runtime-core.esm-bundler.js:867:13)
    at Proxy.eval (webpack-internal:///./node_modules/vue-router/dist/vue-router.mjs:1107:72)
    at renderComponentRoot (webpack-internal:///./node_modules/@vue/runtime-core/dist/runtime-core.esm-bundler.js:4341:38)
    at ReactiveEffect.componentUpdateFn [as fn] (webpack-internal:///./node_modules/@vue/runtime-core/dist/runtime-core.esm-bundler.js:5649:46)
    at ReactiveEffect.run (webpack-internal:///./node_modules/@vue/reactivity/dist/reactivity.esm-bundler.js:337:19)
    at setupRenderEffect (webpack-internal:///./node_modules/@vue/runtime-core/dist/runtime-core.esm-bundler.js:5770:5) @ webpack-internal:///./node_modules/babel-loader/lib/index.js??clonedRuleSet-40.use[0]!./node_modules/vue-loader/dist/index.js??ruleSet[0].use[0]!./src/components/AllReleases.vue?vue&type=script&lang=js:91
[     704ms] [ERROR] Image not found: -11-85-ebook-berdamai-dengan-keadaan.jpg Error: Cannot find module './-11-85-ebook-berdamai-dengan-keadaan.jpg'
    at webpackContextResolve (http://localhost:8080/js/src_assets_img_books_sync_recursive_-src_assets_json_books_sync_json_.js:789:11)
    at webpackContext (http://localhost:8080/js/src_assets_img_books_sync_recursive_-src_assets_json_books_sync_json_.js:784:11)
    at Proxy.resolveImage (webpack-internal:///./node_modules/babel-loader/lib/index.js??clonedRuleSet-40.use[0]!./node_modules/vue-loader/dist/index.js??ruleSet[0].use[0]!./src/components/AllReleases.vue?vue&type=script&lang=js:90:87)
    at eval (webpack-internal:///./node_modules/babel-loader/lib/index.js??clonedRuleSet-40.use[0]!./node_modules/vue-loader/dist/templateLoader.js??ruleSet[1].rules[3]!./node_modules/vue-loader/dist/index.js??ruleSet[0].use[0]!./src/components/AllReleases.vue?vue&type=template&id=7cebf58d&scoped=true:194:23)
    at Proxy.renderFnWithContext (webpack-internal:///./node_modules/@vue/runtime-core/dist/runtime-core.esm-bundler.js:867:13)
    at Proxy.eval (webpack-internal:///./node_modules/vue-router/dist/vue-router.mjs:1107:72)
    at renderComponentRoot (webpack-internal:///./node_modules/@vue/runtime-core/dist/runtime-core.esm-bundler.js:4341:38)
    at ReactiveEffect.componentUpdateFn [as fn] (webpack-internal:///./node_modules/@vue/runtime-core/dist/runtime-core.esm-bundler.js:5649:46)
    at ReactiveEffect.run (webpack-internal:///./node_modules/@vue/reactivity/dist/reactivity.esm-bundler.js:337:19)
    at setupRenderEffect (webpack-internal:///./node_modules/@vue/runtime-core/dist/runtime-core.esm-bundler.js:5770:5) @ webpack-internal:///./node_modules/babel-loader/lib/index.js??clonedRuleSet-40.use[0]!./node_modules/vue-loader/dist/index.js??ruleSet[0].use[0]!./src/components/AllReleases.vue?vue&type=script&lang=js:91
[     705ms] [ERROR] Image not found: -manajemen-keberlanjutan.jpg Error: Cannot find module './-manajemen-keberlanjutan.jpg'
    at webpackContextResolve (http://localhost:8080/js/src_assets_img_books_sync_recursive_-src_assets_json_books_sync_json_.js:789:11)
    at webpackContext (http://localhost:8080/js/src_assets_img_books_sync_recursive_-src_assets_json_books_sync_json_.js:784:11)
    at Proxy.resolveImage (webpack-internal:///./node_modules/babel-loader/lib/index.js??clonedRuleSet-40.use[0]!./node_modules/vue-loader/dist/index.js??ruleSet[0].use[0]!./src/components/AllReleases.vue?vue&type=script&lang=js:90:87)
    at eval (webpack-internal:///./node_modules/babel-loader/lib/index.js??clonedRuleSet-40.use[0]!./node_modules/vue-loader/dist/templateLoader.js??ruleSet[1].rules[3]!./node_modules/vue-loader/dist/index.js??ruleSet[0].use[0]!./src/components/AllReleases.vue?vue&type=template&id=7cebf58d&scoped=true:194:23)
    at Proxy.renderFnWithContext (webpack-internal:///./node_modules/@vue/runtime-core/dist/runtime-core.esm-bundler.js:867:13)
    at Proxy.eval (webpack-internal:///./node_modules/vue-router/dist/vue-router.mjs:1107:72)
    at renderComponentRoot (webpack-internal:///./node_modules/@vue/runtime-core/dist/runtime-core.esm-bundler.js:4341:38)
    at ReactiveEffect.componentUpdateFn [as fn] (webpack-internal:///./node_modules/@vue/runtime-core/dist/runtime-core.esm-bundler.js:5649:46)
    at ReactiveEffect.run (webpack-internal:///./node_modules/@vue/reactivity/dist/reactivity.esm-bundler.js:337:19)
    at setupRenderEffect (webpack-internal:///./node_modules/@vue/runtime-core/dist/runtime-core.esm-bundler.js:5770:5) @ webpack-internal:///./node_modules/babel-loader/lib/index.js??clonedRuleSet-40.use[0]!./node_modules/vue-loader/dist/index.js??ruleSet[0].use[0]!./src/components/AllReleases.vue?vue&type=script&lang=js:91
[     706ms] [ERROR] Image not found: -memimpin-tanpa-kehilangan-rasa-kemanusiaan.jpg Error: Cannot find module './-memimpin-tanpa-kehilangan-rasa-kemanusiaan.jpg'
    at webpackContextResolve (http://localhost:8080/js/src_assets_img_books_sync_recursive_-src_assets_json_books_sync_json_.js:789:11)
    at webpackContext (http://localhost:8080/js/src_assets_img_books_sync_recursive_-src_assets_json_books_sync_json_.js:784:11)
    at Proxy.resolveImage (webpack-internal:///./node_modules/babel-loader/lib/index.js??clonedRuleSet-40.use[0]!./node_modules/vue-loader/dist/index.js??ruleSet[0].use[0]!./src/components/AllReleases.vue?vue&type=script&lang=js:90:87)
    at eval (webpack-internal:///./node_modules/babel-loader/lib/index.js??clonedRuleSet-40.use[0]!./node_modules/vue-loader/dist/templateLoader.js??ruleSet[1].rules[3]!./node_modules/vue-loader/dist/index.js??ruleSet[0].use[0]!./src/components/AllReleases.vue?vue&type=template&id=7cebf58d&scoped=true:194:23)
    at Proxy.renderFnWithContext (webpack-internal:///./node_modules/@vue/runtime-core/dist/runtime-core.esm-bundler.js:867:13)
    at Proxy.eval (webpack-internal:///./node_modules/vue-router/dist/vue-router.mjs:1107:72)
    at renderComponentRoot (webpack-internal:///./node_modules/@vue/runtime-core/dist/runtime-core.esm-bundler.js:4341:38)
    at ReactiveEffect.componentUpdateFn [as fn] (webpack-internal:///./node_modules/@vue/runtime-core/dist/runtime-core.esm-bundler.js:5649:46)
    at ReactiveEffect.run (webpack-internal:///./node_modules/@vue/reactivity/dist/reactivity.esm-bundler.js:337:19)
    at setupRenderEffect (webpack-internal:///./node_modules/@vue/runtime-core/dist/runtime-core.esm-bundler.js:5770:5) @ webpack-internal:///./node_modules/babel-loader/lib/index.js??clonedRuleSet-40.use[0]!./node_modules/vue-loader/dist/index.js??ruleSet[0].use[0]!./src/components/AllReleases.vue?vue&type=script&lang=js:91
[     707ms] [ERROR] Image not found: 187-berlayar-di-tengah-birokrasi.jpg Error: Cannot find module './187-berlayar-di-tengah-birokrasi.jpg'
    at webpackContextResolve (http://localhost:8080/js/src_assets_img_books_sync_recursive_-src_assets_json_books_sync_json_.js:789:11)
    at webpackContext (http://localhost:8080/js/src_assets_img_books_sync_recursive_-src_assets_json_books_sync_json_.js:784:11)
    at Proxy.resolveImage (webpack-internal:///./node_modules/babel-loader/lib/index.js??clonedRuleSet-40.use[0]!./node_modules/vue-loader/dist/index.js??ruleSet[0].use[0]!./src/components/AllReleases.vue?vue&type=script&lang=js:90:87)
    at eval (webpack-internal:///./node_modules/babel-loader/lib/index.js??clonedRuleSet-40.use[0]!./node_modules/vue-loader/dist/templateLoader.js??ruleSet[1].rules[3]!./node_modules/vue-loader/dist/index.js??ruleSet[0].use[0]!./src/components/AllReleases.vue?vue&type=template&id=7cebf58d&scoped=true:194:23)
    at Proxy.renderFnWithContext (webpack-internal:///./node_modules/@vue/runtime-core/dist/runtime-core.esm-bundler.js:867:13)
    at Proxy.eval (webpack-internal:///./node_modules/vue-router/dist/vue-router.mjs:1107:72)
    at renderComponentRoot (webpack-internal:///./node_modules/@vue/runtime-core/dist/runtime-core.esm-bundler.js:4341:38)
    at ReactiveEffect.componentUpdateFn [as fn] (webpack-internal:///./node_modules/@vue/runtime-core/dist/runtime-core.esm-bundler.js:5649:46)
    at ReactiveEffect.run (webpack-internal:///./node_modules/@vue/reactivity/dist/reactivity.esm-bundler.js:337:19)
    at setupRenderEffect (webpack-internal:///./node_modules/@vue/runtime-core/dist/runtime-core.esm-bundler.js:5770:5) @ webpack-internal:///./node_modules/babel-loader/lib/index.js??clonedRuleSet-40.use[0]!./node_modules/vue-loader/dist/index.js??ruleSet[0].use[0]!./src/components/AllReleases.vue?vue&type=script&lang=js:91
[     708ms] [ERROR] Image not found: 216-pengembangan-karier-dan-kesiapan-kerja.jpg Error: Cannot find module './216-pengembangan-karier-dan-kesiapan-kerja.jpg'
    at webpackContextResolve (http://localhost:8080/js/src_assets_img_books_sync_recursive_-src_assets_json_books_sync_json_.js:789:11)
    at webpackContext (http://localhost:8080/js/src_assets_img_books_sync_recursive_-src_assets_json_books_sync_json_.js:784:11)
    at Proxy.resolveImage (webpack-internal:///./node_modules/babel-loader/lib/index.js??clonedRuleSet-40.use[0]!./node_modules/vue-loader/dist/index.js??ruleSet[0].use[0]!./src/components/AllReleases.vue?vue&type=script&lang=js:90:87)
    at eval (webpack-internal:///./node_modules/babel-loader/lib/index.js??clonedRuleSet-40.use[0]!./node_modules/vue-loader/dist/templateLoader.js??ruleSet[1].rules[3]!./node_modules/vue-loader/dist/index.js??ruleSet[0].use[0]!./src/components/AllReleases.vue?vue&type=template&id=7cebf58d&scoped=true:194:23)
    at Proxy.renderFnWithContext (webpack-internal:///./node_modules/@vue/runtime-core/dist/runtime-core.esm-bundler.js:867:13)
    at Proxy.eval (webpack-internal:///./node_modules/vue-router/dist/vue-router.mjs:1107:72)
    at renderComponentRoot (webpack-internal:///./node_modules/@vue/runtime-core/dist/runtime-core.esm-bundler.js:4341:38)
    at ReactiveEffect.componentUpdateFn [as fn] (webpack-internal:///./node_modules/@vue/runtime-core/dist/runtime-core.esm-bundler.js:5649:46)
    at ReactiveEffect.run (webpack-internal:///./node_modules/@vue/reactivity/dist/reactivity.esm-bundler.js:337:19)
    at setupRenderEffect (webpack-internal:///./node_modules/@vue/runtime-core/dist/runtime-core.esm-bundler.js:5770:5) @ webpack-internal:///./node_modules/babel-loader/lib/index.js??clonedRuleSet-40.use[0]!./node_modules/vue-loader/dist/index.js??ruleSet[0].use[0]!./src/components/AllReleases.vue?vue&type=script&lang=js:91
[     708ms] [ERROR] Image not found: adab-seorang-tamu-allah.jpg Error: Cannot find module './adab-seorang-tamu-allah.jpg'
    at webpackContextResolve (http://localhost:8080/js/src_assets_img_books_sync_recursive_-src_assets_json_books_sync_json_.js:789:11)
    at webpackContext (http://localhost:8080/js/src_assets_img_books_sync_recursive_-src_assets_json_books_sync_json_.js:784:11)
    at Proxy.resolveImage (webpack-internal:///./node_modules/babel-loader/lib/index.js??clonedRuleSet-40.use[0]!./node_modules/vue-loader/dist/index.js??ruleSet[0].use[0]!./src/components/AllReleases.vue?vue&type=script&lang=js:90:87)
    at eval (webpack-internal:///./node_modules/babel-loader/lib/index.js??clonedRuleSet-40.use[0]!./node_modules/vue-loader/dist/templateLoader.js??ruleSet[1].rules[3]!./node_modules/vue-loader/dist/index.js??ruleSet[0].use[0]!./src/components/AllReleases.vue?vue&type=template&id=7cebf58d&scoped=true:194:23)
    at Proxy.renderFnWithContext (webpack-internal:///./node_modules/@vue/runtime-core/dist/runtime-core.esm-bundler.js:867:13)
    at Proxy.eval (webpack-internal:///./node_modules/vue-router/dist/vue-router.mjs:1107:72)
    at renderComponentRoot (webpack-internal:///./node_modules/@vue/runtime-core/dist/runtime-core.esm-bundler.js:4341:38)
    at ReactiveEffect.componentUpdateFn [as fn] (webpack-internal:///./node_modules/@vue/runtime-core/dist/runtime-core.esm-bundler.js:5649:46)
    at ReactiveEffect.run (webpack-internal:///./node_modules/@vue/reactivity/dist/reactivity.esm-bundler.js:337:19)
    at setupRenderEffect (webpack-internal:///./node_modules/@vue/runtime-core/dist/runtime-core.esm-bundler.js:5770:5) @ webpack-internal:///./node_modules/babel-loader/lib/index.js??clonedRuleSet-40.use[0]!./node_modules/vue-loader/dist/index.js??ruleSet[0].use[0]!./src/components/AllReleases.vue?vue&type=script&lang=js:91
[     708ms] [ERROR] Image not found: ajar-bisnis-global-dan-geoekonomi.jpg Error: Cannot find module './ajar-bisnis-global-dan-geoekonomi.jpg'
    at webpackContextResolve (http://localhost:8080/js/src_assets_img_books_sync_recursive_-src_assets_json_books_sync_json_.js:789:11)
    at webpackContext (http://localhost:8080/js/src_assets_img_books_sync_recursive_-src_assets_json_books_sync_json_.js:784:11)
    at Proxy.resolveImage (webpack-internal:///./node_modules/babel-loader/lib/index.js??clonedRuleSet-40.use[0]!./node_modules/vue-loader/dist/index.js??ruleSet[0].use[0]!./src/components/AllReleases.vue?vue&type=script&lang=js:90:87)
    at eval (webpack-internal:///./node_modules/babel-loader/lib/index.js??clonedRuleSet-40.use[0]!./node_modules/vue-loader/dist/templateLoader.js??ruleSet[1].rules[3]!./node_modules/vue-loader/dist/index.js??ruleSet[0].use[0]!./src/components/AllReleases.vue?vue&type=template&id=7cebf58d&scoped=true:194:23)
    at Proxy.renderFnWithContext (webpack-internal:///./node_modules/@vue/runtime-core/dist/runtime-core.esm-bundler.js:867:13)
    at Proxy.eval (webpack-internal:///./node_modules/vue-router/dist/vue-router.mjs:1107:72)
    at renderComponentRoot (webpack-internal:///./node_modules/@vue/runtime-core/dist/runtime-core.esm-bundler.js:4341:38)
    at ReactiveEffect.componentUpdateFn [as fn] (webpack-internal:///./node_modules/@vue/runtime-core/dist/runtime-core.esm-bundler.js:5649:46)
    at ReactiveEffect.run (webpack-internal:///./node_modules/@vue/reactivity/dist/reactivity.esm-bundler.js:337:19)
    at setupRenderEffect (webpack-internal:///./node_modules/@vue/runtime-core/dist/runtime-core.esm-bundler.js:5770:5) @ webpack-internal:///./node_modules/babel-loader/lib/index.js??clonedRuleSet-40.use[0]!./node_modules/vue-loader/dist/index.js??ruleSet[0].use[0]!./src/components/AllReleases.vue?vue&type=script&lang=js:91
[     708ms] [ERROR] Image not found: akuntansi-sektor-publik-selesai.jpg Error: Cannot find module './akuntansi-sektor-publik-selesai.jpg'
    at webpackContextResolve (http://localhost:8080/js/src_assets_img_books_sync_recursive_-src_assets_json_books_sync_json_.js:789:11)
    at webpackContext (http://localhost:8080/js/src_assets_img_books_sync_recursive_-src_assets_json_books_sync_json_.js:784:11)
    at Proxy.resolveImage (webpack-internal:///./node_modules/babel-loader/lib/index.js??clonedRuleSet-40.use[0]!./node_modules/vue-loader/dist/index.js??ruleSet[0].use[0]!./src/components/AllReleases.vue?vue&type=script&lang=js:90:87)
    at eval (webpack-internal:///./node_modules/babel-loader/lib/index.js??clonedRuleSet-40.use[0]!./node_modules/vue-loader/dist/templateLoader.js??ruleSet[1].rules[3]!./node_modules/vue-loader/dist/index.js??ruleSet[0].use[0]!./src/components/AllReleases.vue?vue&type=template&id=7cebf58d&scoped=true:194:23)
    at Proxy.renderFnWithContext (webpack-internal:///./node_modules/@vue/runtime-core/dist/runtime-core.esm-bundler.js:867:13)
    at Proxy.eval (webpack-internal:///./node_modules/vue-router/dist/vue-router.mjs:1107:72)
    at renderComponentRoot (webpack-internal:///./node_modules/@vue/runtime-core/dist/runtime-core.esm-bundler.js:4341:38)
    at ReactiveEffect.componentUpdateFn [as fn] (webpack-internal:///./node_modules/@vue/runtime-core/dist/runtime-core.esm-bundler.js:5649:46)
    at ReactiveEffect.run (webpack-internal:///./node_modules/@vue/reactivity/dist/reactivity.esm-bundler.js:337:19)
    at setupRenderEffect (webpack-internal:///./node_modules/@vue/runtime-core/dist/runtime-core.esm-bundler.js:5770:5) @ webpack-internal:///./node_modules/babel-loader/lib/index.js??clonedRuleSet-40.use[0]!./node_modules/vue-loader/dist/index.js??ruleSet[0].use[0]!./src/components/AllReleases.vue?vue&type=script&lang=js:91
[     709ms] [ERROR] Image not found: belajar-menyadari-suara-batin.jpg Error: Cannot find module './belajar-menyadari-suara-batin.jpg'
    at webpackContextResolve (http://localhost:8080/js/src_assets_img_books_sync_recursive_-src_assets_json_books_sync_json_.js:789:11)
    at webpackContext (http://localhost:8080/js/src_assets_img_books_sync_recursive_-src_assets_json_books_sync_json_.js:784:11)
    at Proxy.resolveImage (webpack-internal:///./node_modules/babel-loader/lib/index.js??clonedRuleSet-40.use[0]!./node_modules/vue-loader/dist/index.js??ruleSet[0].use[0]!./src/components/AllReleases.vue?vue&type=script&lang=js:90:87)
    at eval (webpack-internal:///./node_modules/babel-loader/lib/index.js??clonedRuleSet-40.use[0]!./node_modules/vue-loader/dist/templateLoader.js??ruleSet[1].rules[3]!./node_modules/vue-loader/dist/index.js??ruleSet[0].use[0]!./src/components/AllReleases.vue?vue&type=template&id=7cebf58d&scoped=true:194:23)
    at Proxy.renderFnWithContext (webpack-internal:///./node_modules/@vue/runtime-core/dist/runtime-core.esm-bundler.js:867:13)
    at Proxy.eval (webpack-internal:///./node_modules/vue-router/dist/vue-router.mjs:1107:72)
    at renderComponentRoot (webpack-internal:///./node_modules/@vue/runtime-core/dist/runtime-core.esm-bundler.js:4341:38)
    at ReactiveEffect.componentUpdateFn [as fn] (webpack-internal:///./node_modules/@vue/runtime-core/dist/runtime-core.esm-bundler.js:5649:46)
    at ReactiveEffect.run (webpack-internal:///./node_modules/@vue/reactivity/dist/reactivity.esm-bundler.js:337:19)
    at setupRenderEffect (webpack-internal:///./node_modules/@vue/runtime-core/dist/runtime-core.esm-bundler.js:5770:5) @ webpack-internal:///./node_modules/babel-loader/lib/index.js??clonedRuleSet-40.use[0]!./node_modules/vue-loader/dist/index.js??ruleSet[0].use[0]!./src/components/AllReleases.vue?vue&type=script&lang=js:91
[     709ms] [ERROR] Image not found: berani-memilih-dengan-bijak-perjalanan-mengolah-rasa-dan-fikir.jpg Error: Cannot find module './berani-memilih-dengan-bijak-perjalanan-mengolah-rasa-dan-fikir.jpg'
    at webpackContextResolve (http://localhost:8080/js/src_assets_img_books_sync_recursive_-src_assets_json_books_sync_json_.js:789:11)
    at webpackContext (http://localhost:8080/js/src_assets_img_books_sync_recursive_-src_assets_json_books_sync_json_.js:784:11)
    at Proxy.resolveImage (webpack-internal:///./node_modules/babel-loader/lib/index.js??clonedRuleSet-40.use[0]!./node_modules/vue-loader/dist/index.js??ruleSet[0].use[0]!./src/components/AllReleases.vue?vue&type=script&lang=js:90:87)
    at eval (webpack-internal:///./node_modules/babel-loader/lib/index.js??clonedRuleSet-40.use[0]!./node_modules/vue-loader/dist/templateLoader.js??ruleSet[1].rules[3]!./node_modules/vue-loader/dist/index.js??ruleSet[0].use[0]!./src/components/AllReleases.vue?vue&type=template&id=7cebf58d&scoped=true:194:23)
    at Proxy.renderFnWithContext (webpack-internal:///./node_modules/@vue/runtime-core/dist/runtime-core.esm-bundler.js:867:13)
    at Proxy.eval (webpack-internal:///./node_modules/vue-router/dist/vue-router.mjs:1107:72)
    at renderComponentRoot (webpack-internal:///./node_modules/@vue/runtime-core/dist/runtime-core.esm-bundler.js:4341:38)
    at ReactiveEffect.componentUpdateFn [as fn] (webpack-internal:///./node_modules/@vue/runtime-core/dist/runtime-core.esm-bundler.js:5649:46)
    at ReactiveEffect.run (webpack-internal:///./node_modules/@vue/reactivity/dist/reactivity.esm-bundler.js:337:19)
    at setupRenderEffect (webpack-internal:///./node_modules/@vue/runtime-core/dist/runtime-core.esm-bundler.js:5770:5) @ webpack-internal:///./node_modules/babel-loader/lib/index.js??clonedRuleSet-40.use[0]!./node_modules/vue-loader/dist/index.js??ruleSet[0].use[0]!./src/components/AllReleases.vue?vue&type=script&lang=js:91
[   20561ms] [ERROR] Image not found: -09-210-ebook-tiga-kuasa-dalam-kehidupan.jpg Error: Cannot find module './-09-210-ebook-tiga-kuasa-dalam-kehidupan.jpg'
    at webpackContextResolve (http://localhost:8080/src_assets_img_books_sync_recursive_-src_assets_json_books_sync_json_.d3309041f2c5fb9b.hot-update.js:118:11)
    at webpackContext (http://localhost:8080/src_assets_img_books_sync_recursive_-src_assets_json_books_sync_json_.d3309041f2c5fb9b.hot-update.js:113:11)
    at Proxy.resolveImage (webpack-internal:///./node_modules/babel-loader/lib/index.js??clonedRuleSet-40.use[0]!./node_modules/vue-loader/dist/index.js??ruleSet[0].use[0]!./src/components/AllReleases.vue?vue&type=script&lang=js:90:87)
    at eval (webpack-internal:///./node_modules/babel-loader/lib/index.js??clonedRuleSet-40.use[0]!./node_modules/vue-loader/dist/templateLoader.js??ruleSet[1].rules[3]!./node_modules/vue-loader/dist/index.js??ruleSet[0].use[0]!./src/components/AllReleases.vue?vue&type=template&id=7cebf58d&scoped=true:194:23)
    at Proxy.renderFnWithContext (webpack-internal:///./node_modules/@vue/runtime-core/dist/runtime-core.esm-bundler.js:867:13)
    at Proxy.eval (webpack-internal:///./node_modules/vue-router/dist/vue-router.mjs:1107:72)
    at renderComponentRoot (webpack-internal:///./node_modules/@vue/runtime-core/dist/runtime-core.esm-bundler.js:4341:38)
    at ReactiveEffect.componentUpdateFn [as fn] (webpack-internal:///./node_modules/@vue/runtime-core/dist/runtime-core.esm-bundler.js:5649:46)
    at ReactiveEffect.run (webpack-internal:///./node_modules/@vue/reactivity/dist/reactivity.esm-bundler.js:337:19)
    at setupRenderEffect (webpack-internal:///./node_modules/@vue/runtime-core/dist/runtime-core.esm-bundler.js:5770:5) @ webpack-internal:///./node_modules/babel-loader/lib/index.js??clonedRuleSet-40.use[0]!./node_modules/vue-loader/dist/index.js??ruleSet[0].use[0]!./src/components/AllReleases.vue?vue&type=script&lang=js:91
[   20576ms] [ERROR] Image not found: -09-211-ebook-saatnya-untuk-berubah.jpg Error: Cannot find module './-09-211-ebook-saatnya-untuk-berubah.jpg'
    at webpackContextResolve (http://localhost:8080/src_assets_img_books_sync_recursive_-src_assets_json_books_sync_json_.d3309041f2c5fb9b.hot-update.js:118:11)
    at webpackContext (http://localhost:8080/src_assets_img_books_sync_recursive_-src_assets_json_books_sync_json_.d3309041f2c5fb9b.hot-update.js:113:11)
    at Proxy.resolveImage (webpack-internal:///./node_modules/babel-loader/lib/index.js??clonedRuleSet-40.use[0]!./node_modules/vue-loader/dist/index.js??ruleSet[0].use[0]!./src/components/AllReleases.vue?vue&type=script&lang=js:90:87)
    at eval (webpack-internal:///./node_modules/babel-loader/lib/index.js??clonedRuleSet-40.use[0]!./node_modules/vue-loader/dist/templateLoader.js??ruleSet[1].rules[3]!./node_modules/vue-loader/dist/index.js??ruleSet[0].use[0]!./src/components/AllReleases.vue?vue&type=template&id=7cebf58d&scoped=true:194:23)
    at Proxy.renderFnWithContext (webpack-internal:///./node_modules/@vue/runtime-core/dist/runtime-core.esm-bundler.js:867:13)
    at Proxy.eval (webpack-internal:///./node_modules/vue-router/dist/vue-router.mjs:1107:72)
    at renderComponentRoot (webpack-internal:///./node_modules/@vue/runtime-core/dist/runtime-core.esm-bundler.js:4341:38)
    at ReactiveEffect.componentUpdateFn [as fn] (webpack-internal:///./node_modules/@vue/runtime-core/dist/runtime-core.esm-bundler.js:5649:46)
    at ReactiveEffect.run (webpack-internal:///./node_modules/@vue/reactivity/dist/reactivity.esm-bundler.js:337:19)
    at setupRenderEffect (webpack-internal:///./node_modules/@vue/runtime-core/dist/runtime-core.esm-bundler.js:5770:5) @ webpack-internal:///./node_modules/babel-loader/lib/index.js??clonedRuleSet-40.use[0]!./node_modules/vue-loader/dist/index.js??ruleSet[0].use[0]!./src/components/AllReleases.vue?vue&type=script&lang=js:91
[   20579ms] [ERROR] Image not found: -11-85-ebook-berdamai-dengan-keadaan.jpg Error: Cannot find module './-11-85-ebook-berdamai-dengan-keadaan.jpg'
    at webpackContextResolve (http://localhost:8080/src_assets_img_books_sync_recursive_-src_assets_json_books_sync_json_.d3309041f2c5fb9b.hot-update.js:118:11)
    at webpackContext (http://localhost:8080/src_assets_img_books_sync_recursive_-src_assets_json_books_sync_json_.d3309041f2c5fb9b.hot-update.js:113:11)
    at Proxy.resolveImage (webpack-internal:///./node_modules/babel-loader/lib/index.js??clonedRuleSet-40.use[0]!./node_modules/vue-loader/dist/index.js??ruleSet[0].use[0]!./src/components/AllReleases.vue?vue&type=script&lang=js:90:87)
    at eval (webpack-internal:///./node_modules/babel-loader/lib/index.js??clonedRuleSet-40.use[0]!./node_modules/vue-loader/dist/templateLoader.js??ruleSet[1].rules[3]!./node_modules/vue-loader/dist/index.js??ruleSet[0].use[0]!./src/components/AllReleases.vue?vue&type=template&id=7cebf58d&scoped=true:194:23)
    at Proxy.renderFnWithContext (webpack-internal:///./node_modules/@vue/runtime-core/dist/runtime-core.esm-bundler.js:867:13)
    at Proxy.eval (webpack-internal:///./node_modules/vue-router/dist/vue-router.mjs:1107:72)
    at renderComponentRoot (webpack-internal:///./node_modules/@vue/runtime-core/dist/runtime-core.esm-bundler.js:4341:38)
    at ReactiveEffect.componentUpdateFn [as fn] (webpack-internal:///./node_modules/@vue/runtime-core/dist/runtime-core.esm-bundler.js:5649:46)
    at ReactiveEffect.run (webpack-internal:///./node_modules/@vue/reactivity/dist/reactivity.esm-bundler.js:337:19)
    at setupRenderEffect (webpack-internal:///./node_modules/@vue/runtime-core/dist/runtime-core.esm-bundler.js:5770:5) @ webpack-internal:///./node_modules/babel-loader/lib/index.js??clonedRuleSet-40.use[0]!./node_modules/vue-loader/dist/index.js??ruleSet[0].use[0]!./src/components/AllReleases.vue?vue&type=script&lang=js:91
[   20584ms] [ERROR] Image not found: -manajemen-keberlanjutan.jpg Error: Cannot find module './-manajemen-keberlanjutan.jpg'
    at webpackContextResolve (http://localhost:8080/src_assets_img_books_sync_recursive_-src_assets_json_books_sync_json_.d3309041f2c5fb9b.hot-update.js:118:11)
    at webpackContext (http://localhost:8080/src_assets_img_books_sync_recursive_-src_assets_json_books_sync_json_.d3309041f2c5fb9b.hot-update.js:113:11)
    at Proxy.resolveImage (webpack-internal:///./node_modules/babel-loader/lib/index.js??clonedRuleSet-40.use[0]!./node_modules/vue-loader/dist/index.js??ruleSet[0].use[0]!./src/components/AllReleases.vue?vue&type=script&lang=js:90:87)
    at eval (webpack-internal:///./node_modules/babel-loader/lib/index.js??clonedRuleSet-40.use[0]!./node_modules/vue-loader/dist/templateLoader.js??ruleSet[1].rules[3]!./node_modules/vue-loader/dist/index.js??ruleSet[0].use[0]!./src/components/AllReleases.vue?vue&type=template&id=7cebf58d&scoped=true:194:23)
    at Proxy.renderFnWithContext (webpack-internal:///./node_modules/@vue/runtime-core/dist/runtime-core.esm-bundler.js:867:13)
    at Proxy.eval (webpack-internal:///./node_modules/vue-router/dist/vue-router.mjs:1107:72)
    at renderComponentRoot (webpack-internal:///./node_modules/@vue/runtime-core/dist/runtime-core.esm-bundler.js:4341:38)
    at ReactiveEffect.componentUpdateFn [as fn] (webpack-internal:///./node_modules/@vue/runtime-core/dist/runtime-core.esm-bundler.js:5649:46)
    at ReactiveEffect.run (webpack-internal:///./node_modules/@vue/reactivity/dist/reactivity.esm-bundler.js:337:19)
    at setupRenderEffect (webpack-internal:///./node_modules/@vue/runtime-core/dist/runtime-core.esm-bundler.js:5770:5) @ webpack-internal:///./node_modules/babel-loader/lib/index.js??clonedRuleSet-40.use[0]!./node_modules/vue-loader/dist/index.js??ruleSet[0].use[0]!./src/components/AllReleases.vue?vue&type=script&lang=js:91
[   20586ms] [ERROR] Image not found: -memimpin-tanpa-kehilangan-rasa-kemanusiaan.jpg Error: Cannot find module './-memimpin-tanpa-kehilangan-rasa-kemanusiaan.jpg'
    at webpackContextResolve (http://localhost:8080/src_assets_img_books_sync_recursive_-src_assets_json_books_sync_json_.d3309041f2c5fb9b.hot-update.js:118:11)
    at webpackContext (http://localhost:8080/src_assets_img_books_sync_recursive_-src_assets_json_books_sync_json_.d3309041f2c5fb9b.hot-update.js:113:11)
    at Proxy.resolveImage (webpack-internal:///./node_modules/babel-loader/lib/index.js??clonedRuleSet-40.use[0]!./node_modules/vue-loader/dist/index.js??ruleSet[0].use[0]!./src/components/AllReleases.vue?vue&type=script&lang=js:90:87)
    at eval (webpack-internal:///./node_modules/babel-loader/lib/index.js??clonedRuleSet-40.use[0]!./node_modules/vue-loader/dist/templateLoader.js??ruleSet[1].rules[3]!./node_modules/vue-loader/dist/index.js??ruleSet[0].use[0]!./src/components/AllReleases.vue?vue&type=template&id=7cebf58d&scoped=true:194:23)
    at Proxy.renderFnWithContext (webpack-internal:///./node_modules/@vue/runtime-core/dist/runtime-core.esm-bundler.js:867:13)
    at Proxy.eval (webpack-internal:///./node_modules/vue-router/dist/vue-router.mjs:1107:72)
    at renderComponentRoot (webpack-internal:///./node_modules/@vue/runtime-core/dist/runtime-core.esm-bundler.js:4341:38)
    at ReactiveEffect.componentUpdateFn [as fn] (webpack-internal:///./node_modules/@vue/runtime-core/dist/runtime-core.esm-bundler.js:5649:46)
    at ReactiveEffect.run (webpack-internal:///./node_modules/@vue/reactivity/dist/reactivity.esm-bundler.js:337:19)
    at setupRenderEffect (webpack-internal:///./node_modules/@vue/runtime-core/dist/runtime-core.esm-bundler.js:5770:5) @ webpack-internal:///./node_modules/babel-loader/lib/index.js??clonedRuleSet-40.use[0]!./node_modules/vue-loader/dist/index.js??ruleSet[0].use[0]!./src/components/AllReleases.vue?vue&type=script&lang=js:91
[   20587ms] [ERROR] Image not found: 187-berlayar-di-tengah-birokrasi.jpg Error: Cannot find module './187-berlayar-di-tengah-birokrasi.jpg'
    at webpackContextResolve (http://localhost:8080/src_assets_img_books_sync_recursive_-src_assets_json_books_sync_json_.d3309041f2c5fb9b.hot-update.js:118:11)
    at webpackContext (http://localhost:8080/src_assets_img_books_sync_recursive_-src_assets_json_books_sync_json_.d3309041f2c5fb9b.hot-update.js:113:11)
    at Proxy.resolveImage (webpack-internal:///./node_modules/babel-loader/lib/index.js??clonedRuleSet-40.use[0]!./node_modules/vue-loader/dist/index.js??ruleSet[0].use[0]!./src/components/AllReleases.vue?vue&type=script&lang=js:90:87)
    at eval (webpack-internal:///./node_modules/babel-loader/lib/index.js??clonedRuleSet-40.use[0]!./node_modules/vue-loader/dist/templateLoader.js??ruleSet[1].rules[3]!./node_modules/vue-loader/dist/index.js??ruleSet[0].use[0]!./src/components/AllReleases.vue?vue&type=template&id=7cebf58d&scoped=true:194:23)
    at Proxy.renderFnWithContext (webpack-internal:///./node_modules/@vue/runtime-core/dist/runtime-core.esm-bundler.js:867:13)
    at Proxy.eval (webpack-internal:///./node_modules/vue-router/dist/vue-router.mjs:1107:72)
    at renderComponentRoot (webpack-internal:///./node_modules/@vue/runtime-core/dist/runtime-core.esm-bundler.js:4341:38)
    at ReactiveEffect.componentUpdateFn [as fn] (webpack-internal:///./node_modules/@vue/runtime-core/dist/runtime-core.esm-bundler.js:5649:46)
    at ReactiveEffect.run (webpack-internal:///./node_modules/@vue/reactivity/dist/reactivity.esm-bundler.js:337:19)
    at setupRenderEffect (webpack-internal:///./node_modules/@vue/runtime-core/dist/runtime-core.esm-bundler.js:5770:5) @ webpack-internal:///./node_modules/babel-loader/lib/index.js??clonedRuleSet-40.use[0]!./node_modules/vue-loader/dist/index.js??ruleSet[0].use[0]!./src/components/AllReleases.vue?vue&type=script&lang=js:91
[   20588ms] [ERROR] Image not found: 216-pengembangan-karier-dan-kesiapan-kerja.jpg Error: Cannot find module './216-pengembangan-karier-dan-kesiapan-kerja.jpg'
    at webpackContextResolve (http://localhost:8080/src_assets_img_books_sync_recursive_-src_assets_json_books_sync_json_.d3309041f2c5fb9b.hot-update.js:118:11)
    at webpackContext (http://localhost:8080/src_assets_img_books_sync_recursive_-src_assets_json_books_sync_json_.d3309041f2c5fb9b.hot-update.js:113:11)
    at Proxy.resolveImage (webpack-internal:///./node_modules/babel-loader/lib/index.js??clonedRuleSet-40.use[0]!./node_modules/vue-loader/dist/index.js??ruleSet[0].use[0]!./src/components/AllReleases.vue?vue&type=script&lang=js:90:87)
    at eval (webpack-internal:///./node_modules/babel-loader/lib/index.js??clonedRuleSet-40.use[0]!./node_modules/vue-loader/dist/templateLoader.js??ruleSet[1].rules[3]!./node_modules/vue-loader/dist/index.js??ruleSet[0].use[0]!./src/components/AllReleases.vue?vue&type=template&id=7cebf58d&scoped=true:194:23)
    at Proxy.renderFnWithContext (webpack-internal:///./node_modules/@vue/runtime-core/dist/runtime-core.esm-bundler.js:867:13)
    at Proxy.eval (webpack-internal:///./node_modules/vue-router/dist/vue-router.mjs:1107:72)
    at renderComponentRoot (webpack-internal:///./node_modules/@vue/runtime-core/dist/runtime-core.esm-bundler.js:4341:38)
    at ReactiveEffect.componentUpdateFn [as fn] (webpack-internal:///./node_modules/@vue/runtime-core/dist/runtime-core.esm-bundler.js:5649:46)
    at ReactiveEffect.run (webpack-internal:///./node_modules/@vue/reactivity/dist/reactivity.esm-bundler.js:337:19)
    at setupRenderEffect (webpack-internal:///./node_modules/@vue/runtime-core/dist/runtime-core.esm-bundler.js:5770:5) @ webpack-internal:///./node_modules/babel-loader/lib/index.js??clonedRuleSet-40.use[0]!./node_modules/vue-loader/dist/index.js??ruleSet[0].use[0]!./src/components/AllReleases.vue?vue&type=script&lang=js:91
[   20589ms] [ERROR] Image not found: adab-seorang-tamu-allah.jpg Error: Cannot find module './adab-seorang-tamu-allah.jpg'
    at webpackContextResolve (http://localhost:8080/src_assets_img_books_sync_recursive_-src_assets_json_books_sync_json_.d3309041f2c5fb9b.hot-update.js:118:11)
    at webpackContext (http://localhost:8080/src_assets_img_books_sync_recursive_-src_assets_json_books_sync_json_.d3309041f2c5fb9b.hot-update.js:113:11)
    at Proxy.resolveImage (webpack-internal:///./node_modules/babel-loader/lib/index.js??clonedRuleSet-40.use[0]!./node_modules/vue-loader/dist/index.js??ruleSet[0].use[0]!./src/components/AllReleases.vue?vue&type=script&lang=js:90:87)
    at eval (webpack-internal:///./node_modules/babel-loader/lib/index.js??clonedRuleSet-40.use[0]!./node_modules/vue-loader/dist/templateLoader.js??ruleSet[1].rules[3]!./node_modules/vue-loader/dist/index.js??ruleSet[0].use[0]!./src/components/AllReleases.vue?vue&type=template&id=7cebf58d&scoped=true:194:23)
    at Proxy.renderFnWithContext (webpack-internal:///./node_modules/@vue/runtime-core/dist/runtime-core.esm-bundler.js:867:13)
    at Proxy.eval (webpack-internal:///./node_modules/vue-router/dist/vue-router.mjs:1107:72)
    at renderComponentRoot (webpack-internal:///./node_modules/@vue/runtime-core/dist/runtime-core.esm-bundler.js:4341:38)
    at ReactiveEffect.componentUpdateFn [as fn] (webpack-internal:///./node_modules/@vue/runtime-core/dist/runtime-core.esm-bundler.js:5649:46)
    at ReactiveEffect.run (webpack-internal:///./node_modules/@vue/reactivity/dist/reactivity.esm-bundler.js:337:19)
    at setupRenderEffect (webpack-internal:///./node_modules/@vue/runtime-core/dist/runtime-core.esm-bundler.js:5770:5) @ webpack-internal:///./node_modules/babel-loader/lib/index.js??clonedRuleSet-40.use[0]!./node_modules/vue-loader/dist/index.js??ruleSet[0].use[0]!./src/components/AllReleases.vue?vue&type=script&lang=js:91
[   20590ms] [ERROR] Image not found: ajar-bisnis-global-dan-geoekonomi.jpg Error: Cannot find module './ajar-bisnis-global-dan-geoekonomi.jpg'
    at webpackContextResolve (http://localhost:8080/src_assets_img_books_sync_recursive_-src_assets_json_books_sync_json_.d3309041f2c5fb9b.hot-update.js:118:11)
    at webpackContext (http://localhost:8080/src_assets_img_books_sync_recursive_-src_assets_json_books_sync_json_.d3309041f2c5fb9b.hot-update.js:113:11)
    at Proxy.resolveImage (webpack-internal:///./node_modules/babel-loader/lib/index.js??clonedRuleSet-40.use[0]!./node_modules/vue-loader/dist/index.js??ruleSet[0].use[0]!./src/components/AllReleases.vue?vue&type=script&lang=js:90:87)
    at eval (webpack-internal:///./node_modules/babel-loader/lib/index.js??clonedRuleSet-40.use[0]!./node_modules/vue-loader/dist/templateLoader.js??ruleSet[1].rules[3]!./node_modules/vue-loader/dist/index.js??ruleSet[0].use[0]!./src/components/AllReleases.vue?vue&type=template&id=7cebf58d&scoped=true:194:23)
    at Proxy.renderFnWithContext (webpack-internal:///./node_modules/@vue/runtime-core/dist/runtime-core.esm-bundler.js:867:13)
    at Proxy.eval (webpack-internal:///./node_modules/vue-router/dist/vue-router.mjs:1107:72)
    at renderComponentRoot (webpack-internal:///./node_modules/@vue/runtime-core/dist/runtime-core.esm-bundler.js:4341:38)
    at ReactiveEffect.componentUpdateFn [as fn] (webpack-internal:///./node_modules/@vue/runtime-core/dist/runtime-core.esm-bundler.js:5649:46)
    at ReactiveEffect.run (webpack-internal:///./node_modules/@vue/reactivity/dist/reactivity.esm-bundler.js:337:19)
    at setupRenderEffect (webpack-internal:///./node_modules/@vue/runtime-core/dist/runtime-core.esm-bundler.js:5770:5) @ webpack-internal:///./node_modules/babel-loader/lib/index.js??clonedRuleSet-40.use[0]!./node_modules/vue-loader/dist/index.js??ruleSet[0].use[0]!./src/components/AllReleases.vue?vue&type=script&lang=js:91
[   20590ms] [ERROR] Image not found: akuntansi-sektor-publik-selesai.jpg Error: Cannot find module './akuntansi-sektor-publik-selesai.jpg'
    at webpackContextResolve (http://localhost:8080/src_assets_img_books_sync_recursive_-src_assets_json_books_sync_json_.d3309041f2c5fb9b.hot-update.js:118:11)
    at webpackContext (http://localhost:8080/src_assets_img_books_sync_recursive_-src_assets_json_books_sync_json_.d3309041f2c5fb9b.hot-update.js:113:11)
    at Proxy.resolveImage (webpack-internal:///./node_modules/babel-loader/lib/index.js??clonedRuleSet-40.use[0]!./node_modules/vue-loader/dist/index.js??ruleSet[0].use[0]!./src/components/AllReleases.vue?vue&type=script&lang=js:90:87)
    at eval (webpack-internal:///./node_modules/babel-loader/lib/index.js??clonedRuleSet-40.use[0]!./node_modules/vue-loader/dist/templateLoader.js??ruleSet[1].rules[3]!./node_modules/vue-loader/dist/index.js??ruleSet[0].use[0]!./src/components/AllReleases.vue?vue&type=template&id=7cebf58d&scoped=true:194:23)
    at Proxy.renderFnWithContext (webpack-internal:///./node_modules/@vue/runtime-core/dist/runtime-core.esm-bundler.js:867:13)
    at Proxy.eval (webpack-internal:///./node_modules/vue-router/dist/vue-router.mjs:1107:72)
    at renderComponentRoot (webpack-internal:///./node_modules/@vue/runtime-core/dist/runtime-core.esm-bundler.js:4341:38)
    at ReactiveEffect.componentUpdateFn [as fn] (webpack-internal:///./node_modules/@vue/runtime-core/dist/runtime-core.esm-bundler.js:5649:46)
    at ReactiveEffect.run (webpack-internal:///./node_modules/@vue/reactivity/dist/reactivity.esm-bundler.js:337:19)
    at setupRenderEffect (webpack-internal:///./node_modules/@vue/runtime-core/dist/runtime-core.esm-bundler.js:5770:5) @ webpack-internal:///./node_modules/babel-loader/lib/index.js??clonedRuleSet-40.use[0]!./node_modules/vue-loader/dist/index.js??ruleSet[0].use[0]!./src/components/AllReleases.vue?vue&type=script&lang=js:91
[   20591ms] [ERROR] Image not found: belajar-menyadari-suara-batin.jpg Error: Cannot find module './belajar-menyadari-suara-batin.jpg'
    at webpackContextResolve (http://localhost:8080/src_assets_img_books_sync_recursive_-src_assets_json_books_sync_json_.d3309041f2c5fb9b.hot-update.js:118:11)
    at webpackContext (http://localhost:8080/src_assets_img_books_sync_recursive_-src_assets_json_books_sync_json_.d3309041f2c5fb9b.hot-update.js:113:11)
    at Proxy.resolveImage (webpack-internal:///./node_modules/babel-loader/lib/index.js??clonedRuleSet-40.use[0]!./node_modules/vue-loader/dist/index.js??ruleSet[0].use[0]!./src/components/AllReleases.vue?vue&type=script&lang=js:90:87)
    at eval (webpack-internal:///./node_modules/babel-loader/lib/index.js??clonedRuleSet-40.use[0]!./node_modules/vue-loader/dist/templateLoader.js??ruleSet[1].rules[3]!./node_modules/vue-loader/dist/index.js??ruleSet[0].use[0]!./src/components/AllReleases.vue?vue&type=template&id=7cebf58d&scoped=true:194:23)
    at Proxy.renderFnWithContext (webpack-internal:///./node_modules/@vue/runtime-core/dist/runtime-core.esm-bundler.js:867:13)
    at Proxy.eval (webpack-internal:///./node_modules/vue-router/dist/vue-router.mjs:1107:72)
    at renderComponentRoot (webpack-internal:///./node_modules/@vue/runtime-core/dist/runtime-core.esm-bundler.js:4341:38)
    at ReactiveEffect.componentUpdateFn [as fn] (webpack-internal:///./node_modules/@vue/runtime-core/dist/runtime-core.esm-bundler.js:5649:46)
    at ReactiveEffect.run (webpack-internal:///./node_modules/@vue/reactivity/dist/reactivity.esm-bundler.js:337:19)
    at setupRenderEffect (webpack-internal:///./node_modules/@vue/runtime-core/dist/runtime-core.esm-bundler.js:5770:5) @ webpack-internal:///./node_modules/babel-loader/lib/index.js??clonedRuleSet-40.use[0]!./node_modules/vue-loader/dist/index.js??ruleSet[0].use[0]!./src/components/AllReleases.vue?vue&type=script&lang=js:91
[   20592ms] [ERROR] Image not found: berani-memilih-dengan-bijak-perjalanan-mengolah-rasa-dan-fikir.jpg Error: Cannot find module './berani-memilih-dengan-bijak-perjalanan-mengolah-rasa-dan-fikir.jpg'
    at webpackContextResolve (http://localhost:8080/src_assets_img_books_sync_recursive_-src_assets_json_books_sync_json_.d3309041f2c5fb9b.hot-update.js:118:11)
    at webpackContext (http://localhost:8080/src_assets_img_books_sync_recursive_-src_assets_json_books_sync_json_.d3309041f2c5fb9b.hot-update.js:113:11)
    at Proxy.resolveImage (webpack-internal:///./node_modules/babel-loader/lib/index.js??clonedRuleSet-40.use[0]!./node_modules/vue-loader/dist/index.js??ruleSet[0].use[0]!./src/components/AllReleases.vue?vue&type=script&lang=js:90:87)
    at eval (webpack-internal:///./node_modules/babel-loader/lib/index.js??clonedRuleSet-40.use[0]!./node_modules/vue-loader/dist/templateLoader.js??ruleSet[1].rules[3]!./node_modules/vue-loader/dist/index.js??ruleSet[0].use[0]!./src/components/AllReleases.vue?vue&type=template&id=7cebf58d&scoped=true:194:23)
    at Proxy.renderFnWithContext (webpack-internal:///./node_modules/@vue/runtime-core/dist/runtime-core.esm-bundler.js:867:13)
    at Proxy.eval (webpack-internal:///./node_modules/vue-router/dist/vue-router.mjs:1107:72)
    at renderComponentRoot (webpack-internal:///./node_modules/@vue/runtime-core/dist/runtime-core.esm-bundler.js:4341:38)
    at ReactiveEffect.componentUpdateFn [as fn] (webpack-internal:///./node_modules/@vue/runtime-core/dist/runtime-core.esm-bundler.js:5649:46)
    at ReactiveEffect.run (webpack-internal:///./node_modules/@vue/reactivity/dist/reactivity.esm-bundler.js:337:19)
    at setupRenderEffect (webpack-internal:///./node_modules/@vue/runtime-core/dist/runtime-core.esm-bundler.js:5770:5) @ webpack-internal:///./node_modules/babel-loader/lib/index.js??clonedRuleSet-40.use[0]!./node_modules/vue-loader/dist/index.js??ruleSet[0].use[0]!./src/components/AllReleases.vue?vue&type=script&lang=js:91
